2024-10-17 15:09:36,136 INFO o.a.j.u.JMeterUtils: Setting Locale to en_EN
2024-10-17 15:09:36,162 INFO o.a.j.JMeter: Loading user properties from: /opt/homebrew/Cellar/jmeter/5.6.3/libexec/bin/user.properties
2024-10-17 15:09:36,162 INFO o.a.j.JMeter: Loading system properties from: /opt/homebrew/Cellar/jmeter/5.6.3/libexec/bin/system.properties
2024-10-17 15:09:36,165 INFO o.a.j.JMeter: Copyright (c) 1998-2024 The Apache Software Foundation
2024-10-17 15:09:36,165 INFO o.a.j.JMeter: Version 5.6.3
2024-10-17 15:09:36,165 INFO o.a.j.JMeter: java.version=21.0.4
2024-10-17 15:09:36,165 INFO o.a.j.JMeter: java.vm.name=OpenJDK 64-Bit Server VM
2024-10-17 15:09:36,165 INFO o.a.j.JMeter: os.name=Mac OS X
2024-10-17 15:09:36,165 INFO o.a.j.JMeter: os.arch=aarch64
2024-10-17 15:09:36,165 INFO o.a.j.JMeter: os.version=14.7
2024-10-17 15:09:36,165 INFO o.a.j.JMeter: file.encoding=UTF-8
2024-10-17 15:09:36,166 INFO o.a.j.JMeter: java.awt.headless=null
2024-10-17 15:09:36,166 INFO o.a.j.JMeter: Max memory     =1073741824
2024-10-17 15:09:36,166 INFO o.a.j.JMeter: Available Processors =10
2024-10-17 15:09:36,172 INFO o.a.j.JMeter: Default Locale=English (EN)
2024-10-17 15:09:36,172 INFO o.a.j.JMeter: JMeter  Locale=English (EN)
2024-10-17 15:09:36,172 INFO o.a.j.JMeter: JMeterHome=/opt/homebrew/Cellar/jmeter/5.6.3/libexec
2024-10-17 15:09:36,172 INFO o.a.j.JMeter: user.dir  =/Users/jeanluis.urena/Projects/jmeter_perf/example
2024-10-17 15:09:36,172 INFO o.a.j.JMeter: PWD       =/Users/jeanluis.urena/Projects/jmeter_perf/example
2024-10-17 15:09:36,192 INFO o.a.j.JMeter: IP: 192.168.1.235 Name: Jean Luis X9CK0310Y7 FullName: jeanluick0310y7.fios-router.home
2024-10-17 15:09:36,200 INFO o.a.j.JMeter: Loaded icon properties from org/apache/jmeter/images/icon.properties
2024-10-17 15:09:36,621 INFO o.a.j.JMeterGuiLauncher: Setting LAF to: com.github.weisj.darklaf.DarkLaf:com.github.weisj.darklaf.theme.DarculaTheme
2024-10-17 15:09:38,657 INFO o.a.j.r.ClassFinder: Will scan jar /opt/homebrew/Cellar/jmeter/5.6.3/libexec/lib/ext/jmeter-plugins-cohendeffectsize-1.2.0.jar with filter ExtendsClassFilter [parents=[interface org.apache.jmeter.gui.action.Command], inner=false, contains=null, notContains=null]. Consider exposing JMeter plugins via META-INF/services, and add JMeter-Skip-Class-Scanning=true manifest attribute so JMeter can skip classfile scanning
2024-10-17 15:09:38,659 INFO o.a.j.r.ClassFinder: Will scan jar /opt/homebrew/Cellar/jmeter/5.6.3/libexec/lib/ext/jmeter-plugins-manager-1.10.jar with filter ExtendsClassFilter [parents=[interface org.apache.jmeter.gui.action.Command], inner=false, contains=null, notContains=null]. Consider exposing JMeter plugins via META-INF/services, and add JMeter-Skip-Class-Scanning=true manifest attribute so JMeter can skip classfile scanning
2024-10-17 15:09:38,785 INFO o.a.j.r.ClassFinder: Will scan jar /opt/homebrew/Cellar/jmeter/5.6.3/libexec/lib/ext/jmeter-plugins-cohendeffectsize-1.2.0.jar with filter ExtendsClassFilter [parents=[interface org.apache.jmeter.gui.plugin.MenuCreator], inner=false, contains=null, notContains=null]. Consider exposing JMeter plugins via META-INF/services, and add JMeter-Skip-Class-Scanning=true manifest attribute so JMeter can skip classfile scanning
2024-10-17 15:09:38,786 INFO o.a.j.r.ClassFinder: Will scan jar /opt/homebrew/Cellar/jmeter/5.6.3/libexec/lib/ext/jmeter-plugins-manager-1.10.jar with filter ExtendsClassFilter [parents=[interface org.apache.jmeter.gui.plugin.MenuCreator], inner=false, contains=null, notContains=null]. Consider exposing JMeter plugins via META-INF/services, and add JMeter-Skip-Class-Scanning=true manifest attribute so JMeter can skip classfile scanning
2024-10-17 15:09:38,859 INFO o.j.r.JARSourceHTTP: Requesting https://jmeter-plugins.org/repo/?installID=mac_os_x-8d6452e57a9014389b6edeb7f5fec408-gui
2024-10-17 15:09:39,732 INFO o.j.r.PluginManager: Plugins Status: [rbourga-jmeter-plugins-cohendeffectsize=1.2.0, jpgc-plugins-manager=1.10, jmeter-core=5.6.3, jmeter-ftp=5.6.3, jmeter-http=5.6.3, jmeter-jdbc=5.6.3, jmeter-jms=5.6.3, jmeter-junit=5.6.3, jmeter-java=5.6.3, jmeter-ldap=5.6.3, jmeter-mail=5.6.3, jmeter-mongodb=5.6.3, jmeter-native=5.6.3, jmeter-tcp=5.6.3, jmeter-components=5.6.3]
